#
# A fatal error has been detected by the Java Runtime Environment:
#
#  SIGSEGV (0xb) at pc=0x000000010f5634b0, pid=11530, tid=0x0000000000004e0b
#
# JRE version: Java(TM) SE Runtime Environment (8.0_144-b01) (build 1.8.0_144-b01)
# Java VM: Java HotSpot(TM) 64-Bit Server VM (25.144-b01 mixed mode bsd-amd64 compressed oops)
# Problematic frame:
# C  [_jpype.cpython-36m-darwin.so+0xe4b0]  JPJavaEnv::IsAssignableFrom(_jclass*, _jclass*)+0x30
#
# Failed to write core dump. Core dumps have been disabled. To enable core dumping, try "ulimit -c unlimited" before starting Java again
#
# If you would like to submit a bug report, please visit:
#   http://bugreport.java.com/bugreport/crash.jsp
#

---------------  T H R E A D  ---------------

Current thread is native thread

siginfo: si_signo: 11 (SIGSEGV), si_code: 1 (SEGV_MAPERR), si_addr: 0x0000000000000000

Registers:
RAX=0x00007fcd429b5c00, RBX=0x0000000000000000, RCX=0x00dc790000dc7a01, RDX=0x00dc7a0000dc7a00
RSP=0x000070000e4df2c0, RBP=0x000070000e4df2f0, RSI=0x0000000000dc7900, RDI=0x000000010c6933f8
R8 =0x000000010c693418, R9 =0x000000010c693490, R10=0x000000010c693498, R11=0x000000010c693494
R12=0x00007fcd429b5c00, R13=0x000000010f5aceb8, R14=0x00007fcd42445090, R15=0x00007fcd4247b350
RIP=0x000000010f5634b0, EFLAGS=0x0000000000010202, ERR=0x0000000000000004
  TRAPNO=0x000000000000000e

Top of Stack: (sp=0x000070000e4df2c0)
0x000070000e4df2c0:   00007fcd4256f000 0000000000000002
0x000070000e4df2d0:   00007fcd42711cd0 00007fcd4263b2c0
0x000070000e4df2e0:   00007fcd42711d60 000000010f5aceb8
0x000070000e4df2f0:   000070000e4df410 000000010f5766aa
0x000070000e4df300:   000000010f5a9ae8 0000000000000000
0x000070000e4df310:   0000000000000000 0000000000000000
0x000070000e4df320:   0000000000000000 0000000000000000
0x000070000e4df330:   0000000000000000 0000000000000000
0x000070000e4df340:   0000000000000000 0000000000000000
0x000070000e4df350:   00007fcd42712730 000000010f5aace8
0x000070000e4df360:   000070000e4df410 000000010f56676d
0x000070000e4df370:   0000000000000020 000000010f5a9ae8
0x000070000e4df380:   0000000000000000 0000000000000000
0x000070000e4df390:   0000000000000000 0000000000000000
0x000070000e4df3a0:   0000000000000000 0000000000000000
0x000070000e4df3b0:   0000000000000000 0000000000000000
0x000070000e4df3c0:   0000000000000000 000000010f5aa980
0x000070000e4df3d0:   616c2e6176616a20 63656a624f2e676e
0x000070000e4df3e0:   0000000000000074 00007fcd4263b2c0
0x000070000e4df3f0:   0000000000000001 0000000000000003
0x000070000e4df400:   0000000000000001 00007fcd427126a8
0x000070000e4df410:   000070000e4df480 000000010f57fa7a
0x000070000e4df420:   0000000000000000 000070000e4df5e0
0x000070000e4df430:   000000010f5aa980 0000000000000021
0x000070000e4df440:   0000000000000019 00007fcd42625670
0x000070000e4df450:   00007fcd42625600 000070000e4df498
0x000070000e4df460:   0000000000000000 00007fcd42712670
0x000070000e4df470:   00007fcd427126a8 00007fcd42712460
0x000070000e4df480:   000070000e4df510 000000010f5566df
0x000070000e4df490:   000070000e4df5e0 2f6176616a4c2828
0x000070000e4df4a0:   6a624f2f676e616c 000000293b746365
0x000070000e4df4b0:   0000000000000000 000000010f5aa980 

Instructions: (pc=0x000000010f5634b0)
0x000000010f563490:   d6 49 89 f7 e8 47 a7 00 00 48 89 c3 4c 8d 2d 15
0x000000010f5634a0:   9a 04 00 49 8b 7d 00 48 8b 07 ff 50 30 49 89 c4
0x000000010f5634b0:   48 8b 03 48 89 df 4c 89 fe 4c 89 f2 ff 50 58 89
0x000000010f5634c0:   c3 49 8b 7d 00 48 8b 07 4c 89 e6 ff 50 38 48 8d 

Register to memory mapping:

RAX=0x00007fcd429b5c00 is an unknown value
RBX=0x0000000000000000 is an unknown value
RCX=0x00dc790000dc7a01 is an unknown value
RDX=0x00dc7a0000dc7a00 is an unknown value
RSP=0x000070000e4df2c0 is an unknown value
RBP=0x000070000e4df2f0 is an unknown value
RSI=0x0000000000dc7900 is an unknown value
RDI=0x000000010c6933f8: gil_mutex+0 in /usr/local/Cellar/python3/3.6.2/Frameworks/Python.framework/Versions/3.6/Python at 0x000000010c4ae000
R8 =0x000000010c693418: gil_mutex+0x20 in /usr/local/Cellar/python3/3.6.2/Frameworks/Python.framework/Versions/3.6/Python at 0x000000010c4ae000
R9 =0x000000010c693490: gil_cond+0x18 in /usr/local/Cellar/python3/3.6.2/Frameworks/Python.framework/Versions/3.6/Python at 0x000000010c4ae000
R10=0x000000010c693498: gil_cond+0x20 in /usr/local/Cellar/python3/3.6.2/Frameworks/Python.framework/Versions/3.6/Python at 0x000000010c4ae000
R11=0x000000010c693494: gil_cond+0x1c in /usr/local/Cellar/python3/3.6.2/Frameworks/Python.framework/Versions/3.6/Python at 0x000000010c4ae000
R12=0x00007fcd429b5c00 is an unknown value
R13=0x000000010f5aceb8: _ZN5JPEnv6s_HostE+0 in /usr/local/lib/python3.6/site-packages/_jpype.cpython-36m-darwin.so at 0x000000010f555000
R14=0x00007fcd42445090 is a global jni handle
R15=0x00007fcd4247b350 is a global jni handle


Stack: [0x000070000dfe1000,0x000070000e4e1000],  sp=0x000070000e4df2c0,  free space=5112k
Native frames: (J=compiled Java code, j=interpreted, Vv=VM code, C=native code)
C  [_jpype.cpython-36m-darwin.so+0xe4b0]  JPJavaEnv::IsAssignableFrom(_jclass*, _jclass*)+0x30
C  [_jpype.cpython-36m-darwin.so+0x216aa]  JPClass::canConvertToJava(HostRef*)+0x26a
C  [_jpype.cpython-36m-darwin.so+0x2aa7a]  JPMethodOverload::matches(bool, std::__1::vector<HostRef*, std::__1::allocator<HostRef*> >&)+0xfa
C  [_jpype.cpython-36m-darwin.so+0x16df]  JPMethod::findOverload(std::__1::vector<HostRef*, std::__1::allocator<HostRef*> >&, bool)+0x21f
C  [_jpype.cpython-36m-darwin.so+0x22d0]  JPMethod::invoke(std::__1::vector<HostRef*, std::__1::allocator<HostRef*> >&)+0x10
C  [_jpype.cpython-36m-darwin.so+0x37e2d]  PyJPBoundMethod::__call__(_object*, _object*, _object*)+0x19d
C  [Python+0xaa84]  _PyObject_FastCallDict+0x8f
C  [Python+0xa6fdf]  call_function+0x1b9
C  [Python+0x9fecc]  _PyEval_EvalFrameDefault+0x1342
C  [pydevd_frame_evaluator_darwin_36_64.cpython-36m-darwin.so+0x6460]  __pyx_f_18_pydevd_frame_eval_35pydevd_frame_evaluator_darwin_36_64_get_bytecode_while_frame_eval+0x2040
C  [Python+0xa77df]  _PyEval_EvalCodeWithName+0x725
C  [Python+0xa8096]  _PyFunction_FastCallDict+0x1bc
C  [Python+0xaab9]  _PyObject_FastCallDict+0xc4
C  [Python+0xabdc]  _PyObject_Call_Prepend+0x9c
C  [Python+0xaa84]  _PyObject_FastCallDict+0x8f
C  [Python+0x55027]  slot_tp_str+0x27
C  [Python+0x4467b]  PyObject_Str+0x8e
C  [Python+0x72f76]  PyUnicode_Format+0xb4b
C  [Python+0xa0fe4]  _PyEval_EvalFrameDefault+0x245a
C  [pydevd_frame_evaluator_darwin_36_64.cpython-36m-darwin.so+0x6460]  __pyx_f_18_pydevd_frame_eval_35pydevd_frame_evaluator_darwin_36_64_get_bytecode_while_frame_eval+0x2040
C  [Python+0xa77df]  _PyEval_EvalCodeWithName+0x725
C  [Python+0xa7ecb]  fast_function+0xe3
C  [Python+0xa6fe6]  call_function+0x1c0
C  [Python+0x9ff64]  _PyEval_EvalFrameDefault+0x13da
C  [pydevd_frame_evaluator_darwin_36_64.cpython-36m-darwin.so+0x6460]  __pyx_f_18_pydevd_frame_eval_35pydevd_frame_evaluator_darwin_36_64_get_bytecode_while_frame_eval+0x2040
C  [Python+0xa8166]  _PyFunction_FastCall+0x79
C  [Python+0xa6fe6]  call_function+0x1c0
C  [Python+0x9fecc]  _PyEval_EvalFrameDefault+0x1342
C  [pydevd_frame_evaluator_darwin_36_64.cpython-36m-darwin.so+0x6460]  __pyx_f_18_pydevd_frame_eval_35pydevd_frame_evaluator_darwin_36_64_get_bytecode_while_frame_eval+0x2040
C  [Python+0xa8166]  _PyFunction_FastCall+0x79
C  [Python+0xa6fe6]  call_function+0x1c0
C  [Python+0x9fecc]  _PyEval_EvalFrameDefault+0x1342
C  [pydevd_frame_evaluator_darwin_36_64.cpython-36m-darwin.so+0x6c6f]  __pyx_f_18_pydevd_frame_eval_35pydevd_frame_evaluator_darwin_36_64_get_bytecode_while_frame_eval+0x284f
C  [Python+0xa8166]  _PyFunction_FastCall+0x79
C  [Python+0xa6fe6]  call_function+0x1c0
C  [Python+0x9fecc]  _PyEval_EvalFrameDefault+0x1342
C  [pydevd_frame_evaluator_darwin_36_64.cpython-36m-darwin.so+0x6c6f]  __pyx_f_18_pydevd_frame_eval_35pydevd_frame_evaluator_darwin_36_64_get_bytecode_while_frame_eval+0x284f
C  [Python+0xa8166]  _PyFunction_FastCall+0x79
C  [Python+0xaab9]  _PyObject_FastCallDict+0xc4
C  [Python+0xabdc]  _PyObject_Call_Prepend+0x9c
C  [Python+0xa93a]  PyObject_Call+0x65
C  [Python+0xdc875]  t_bootstrap+0x46
C  [libsystem_pthread.dylib+0x3661]  _pthread_body+0x154
C  [libsystem_pthread.dylib+0x350d]  _pthread_body+0x0
C  [libsystem_pthread.dylib+0x2bf9]  thread_start+0xd


---------------  P R O C E S S  ---------------

VM state:not at safepoint (normal execution)

VM Mutex/Monitor currently owned by a thread: None

Heap:
 PSYoungGen      total 76288K, used 25863K [0x000000076ab00000, 0x0000000774000000, 0x00000007c0000000)
  eden space 65536K, 23% used [0x000000076ab00000,0x000000076b9c4040,0x000000076eb00000)
  from space 10752K, 99% used [0x000000076eb00000,0x000000076f57de38,0x000000076f580000)
  to   space 10752K, 0% used [0x0000000773580000,0x0000000773580000,0x0000000774000000)
 ParOldGen       total 175104K, used 24253K [0x00000006c0000000, 0x00000006cab00000, 0x000000076ab00000)
  object space 175104K, 13% used [0x00000006c0000000,0x00000006c17af788,0x00000006cab00000)
 Metaspace       used 5932K, capacity 6100K, committed 6144K, reserved 1056768K
  class space    used 657K, capacity 728K, committed 768K, reserved 1048576K

Card table byte_map: [0x000000011f9a2000,0x00000001201a3000] byte_map_base: 0x000000011c3a2000

Marking Bits: (ParMarkBitMap*) 0x000000010feee5d0
 Begin Bits: [0x00000001206f9000, 0x00000001246f9000)
 End Bits:   [0x00000001246f9000, 0x00000001286f9000)

Polling page: 0x000000010e1cc000

CodeCache: size=245760Kb used=2857Kb max_used=2857Kb free=242902Kb
 bounds [0x00000001105e2000, 0x00000001108b2000, 0x000000011f5e2000]
 total_blobs=985 nmethods=707 adapters=192
 compilation: enabled

Compilation events (10 events):
Event: 0.632 Thread 0x00007fcd41a07800  699       1       sun.misc.URLClassPath$JarLoader::access$600 (5 bytes)
Event: 0.632 Thread 0x00007fcd41a07800 nmethod 699 0x00000001108aa910 code [0x00000001108aaa60, 0x00000001108aab50]
Event: 0.633 Thread 0x00007fcd41a07800  704   !   3       java.net.URLClassLoader::findClass (47 bytes)
Event: 0.633 Thread 0x00007fcd41a07800 nmethod 704 0x00000001108a9f50 code [0x00000001108aa100, 0x00000001108aa6d8]
Event: 0.633 Thread 0x00007fcd41a07800  705       3       java.net.URLClassLoader$1::<init> (15 bytes)
Event: 0.633 Thread 0x00007fcd41a07800 nmethod 705 0x00000001108a9b50 code [0x00000001108a9cc0, 0x00000001108a9eb0]
Event: 3.624 Thread 0x00007fcd41a07800  706       3       java.lang.ref.ReferenceQueue::reallyPoll (66 bytes)
Event: 3.625 Thread 0x00007fcd41a07800 nmethod 706 0x00000001108a9450 code [0x00000001108a95e0, 0x00000001108a9a70]
Event: 6.914 Thread 0x00007fcd41a07800  707   !   3       java.lang.ref.ReferenceQueue::remove (125 bytes)
Event: 6.915 Thread 0x00007fcd41a07800 nmethod 707 0x00000001108ae310 code [0x00000001108ae500, 0x00000001108aedb8]

GC Heap History (2 events):
Event: 0.524 GC heap before
{Heap before GC invocations=1 (full 0):
 PSYoungGen      total 76288K, used 65536K [0x000000076ab00000, 0x0000000770000000, 0x00000007c0000000)
  eden space 65536K, 100% used [0x000000076ab00000,0x000000076eb00000,0x000000076eb00000)
  from space 10752K, 0% used [0x000000076f580000,0x000000076f580000,0x0000000770000000)
  to   space 10752K, 0% used [0x000000076eb00000,0x000000076eb00000,0x000000076f580000)
 ParOldGen       total 175104K, used 0K [0x00000006c0000000, 0x00000006cab00000, 0x000000076ab00000)
  object space 175104K, 0% used [0x00000006c0000000,0x00000006c0000000,0x00000006cab00000)
 Metaspace       used 5685K, capacity 5900K, committed 6144K, reserved 1056768K
  class space    used 626K, capacity 716K, committed 768K, reserved 1048576K
Event: 0.553 GC heap after
Heap after GC invocations=1 (full 0):
 PSYoungGen      total 76288K, used 10743K [0x000000076ab00000, 0x0000000774000000, 0x00000007c0000000)
  eden space 65536K, 0% used [0x000000076ab00000,0x000000076ab00000,0x000000076eb00000)
  from space 10752K, 99% used [0x000000076eb00000,0x000000076f57de38,0x000000076f580000)
  to   space 10752K, 0% used [0x0000000773580000,0x0000000773580000,0x0000000774000000)
 ParOldGen       total 175104K, used 24253K [0x00000006c0000000, 0x00000006cab00000, 0x000000076ab00000)
  object space 175104K, 13% used [0x00000006c0000000,0x00000006c17af788,0x00000006cab00000)
 Metaspace       used 5685K, capacity 5900K, committed 6144K, reserved 1056768K
  class space    used 626K, capacity 716K, committed 768K, reserved 1048576K
}

Deoptimization events (10 events):
Event: 0.499 Thread 0x00007fcd4096e800 Uncommon trap: reason=bimorphic action=maybe_recompile pc=0x00000001107e5030 method=java.util.HashMap.putVal(ILjava/lang/Object;Ljava/lang/Object;ZZ)Ljava/lang/Object; @ 91
Event: 0.499 Thread 0x00007fcd4096e800 Uncommon trap: reason=bimorphic action=maybe_recompile pc=0x00000001107e5030 method=java.util.HashMap.putVal(ILjava/lang/Object;Ljava/lang/Object;ZZ)Ljava/lang/Object; @ 91
Event: 0.590 Thread 0x00007fcd4096e800 Uncommon trap: reason=unstable_if action=reinterpret pc=0x0000000110877cd8 method=java.util.HashMap$TreeNode.find(ILjava/lang/Object;Ljava/lang/Class;)Ljava/util/HashMap$TreeNode; @ 26
Event: 0.590 Thread 0x00007fcd4096e800 Uncommon trap: reason=unstable_if action=reinterpret pc=0x0000000110863040 method=java.util.HashMap$TreeNode.find(ILjava/lang/Object;Ljava/lang/Class;)Ljava/util/HashMap$TreeNode; @ 26
Event: 0.596 Thread 0x00007fcd4096e800 Uncommon trap: reason=bimorphic action=maybe_recompile pc=0x00000001108812e0 method=java.util.HashMap.getNode(ILjava/lang/Object;)Ljava/util/HashMap$Node; @ 126
Event: 0.596 Thread 0x00007fcd4096e800 Uncommon trap: reason=bimorphic action=maybe_recompile pc=0x00000001108812e0 method=java.util.HashMap.getNode(ILjava/lang/Object;)Ljava/util/HashMap$Node; @ 126
Event: 0.596 Thread 0x00007fcd4096e800 Uncommon trap: reason=bimorphic action=maybe_recompile pc=0x00000001108812e0 method=java.util.HashMap.getNode(ILjava/lang/Object;)Ljava/util/HashMap$Node; @ 126
Event: 0.596 Thread 0x00007fcd4096e800 Uncommon trap: reason=bimorphic action=maybe_recompile pc=0x00000001108812e0 method=java.util.HashMap.getNode(ILjava/lang/Object;)Ljava/util/HashMap$Node; @ 126
Event: 0.601 Thread 0x00007fcd4096e800 Uncommon trap: reason=unstable_if action=reinterpret pc=0x0000000110846c34 method=java.io.ObjectInputStream$HandleTable.markDependency(II)V @ 2
Event: 0.609 Thread 0x00007fcd4096e800 Uncommon trap: reason=unstable_if action=reinterpret pc=0x0000000110885d90 method=java.util.HashMap.getNode(ILjava/lang/Object;)Ljava/util/HashMap$Node; @ 116

Internal exceptions (10 events):
Event: 0.095 Thread 0x00007fcd4096e800 Exception <a 'java/lang/NoClassDefFoundError': Ljava/lang;> (0x000000076ab793e8) thrown at [/Users/java_re/workspace/8-2-build-macosx-x86_64/jdk8u144/9417/hotspot/src/share/vm/classfile/systemDictionary.cpp, line 199]
Event: 0.177 Thread 0x00007fcd4096e800 Exception <a 'java/lang/NoSuchFieldError': method resolution failed> (0x000000076af9b328) thrown at [/Users/java_re/workspace/8-2-build-macosx-x86_64/jdk8u144/9417/hotspot/src/share/vm/prims/methodHandles.cpp, line 1146]
Event: 0.178 Thread 0x00007fcd4096e800 Exception <a 'java/lang/NoSuchFieldError': method resolution failed> (0x000000076afa8738) thrown at [/Users/java_re/workspace/8-2-build-macosx-x86_64/jdk8u144/9417/hotspot/src/share/vm/prims/methodHandles.cpp, line 1146]
Event: 0.215 Thread 0x00007fcd4096e800 Exception <a 'java/security/PrivilegedActionException'> (0x000000076b0d4cc8) thrown at [/Users/java_re/workspace/8-2-build-macosx-x86_64/jdk8u144/9417/hotspot/src/share/vm/prims/jvm.cpp, line 1390]
Event: 0.215 Thread 0x00007fcd4096e800 Exception <a 'java/security/PrivilegedActionException'> (0x000000076b0d4ed8) thrown at [/Users/java_re/workspace/8-2-build-macosx-x86_64/jdk8u144/9417/hotspot/src/share/vm/prims/jvm.cpp, line 1390]
Event: 0.215 Thread 0x00007fcd4096e800 Exception <a 'java/security/PrivilegedActionException'> (0x000000076b0d83f0) thrown at [/Users/java_re/workspace/8-2-build-macosx-x86_64/jdk8u144/9417/hotspot/src/share/vm/prims/jvm.cpp, line 1390]
Event: 0.215 Thread 0x00007fcd4096e800 Exception <a 'java/security/PrivilegedActionException'> (0x000000076b0d8600) thrown at [/Users/java_re/workspace/8-2-build-macosx-x86_64/jdk8u144/9417/hotspot/src/share/vm/prims/jvm.cpp, line 1390]
Event: 0.322 Thread 0x00007fcd4096e800 Implicit null exception at 0x00000001107d27e8 to 0x00000001107d2c49
Event: 0.326 Thread 0x00007fcd4096e800 Implicit null exception at 0x00000001107ca227 to 0x00000001107ca325
Event: 0.627 Thread 0x00007fcd4096e800 Exception <a 'java/lang/NoClassDefFoundError': Ledu/stanford/nlp/process;> (0x000000076b7e7530) thrown at [/Users/java_re/workspace/8-2-build-macosx-x86_64/jdk8u144/9417/hotspot/src/share/vm/classfile/systemDictionary.cpp, line 199]

Events (10 events):
Event: 0.630 loading class edu/stanford/nlp/process/DocumentPreprocessor$NullEscaper
Event: 0.630 loading class edu/stanford/nlp/process/DocumentPreprocessor$NullEscaper done
Event: 0.631 loading class java/io/StringReader
Event: 0.631 loading class java/io/StringReader done
Event: 0.631 loading class java/util/regex/Pattern$GroupTail
Event: 0.631 loading class java/util/regex/Pattern$GroupTail done
Event: 0.633 loading class edu/stanford/nlp/parser/lexparser/EnglishTreebankParserParams$EnglishTest
Event: 0.633 loading class edu/stanford/nlp/parser/lexparser/EnglishTreebankParserParams$EnglishTest done
Event: 4.117 Executing VM operation: EnableBiasedLocking
Event: 4.117 Executing VM operation: EnableBiasedLocking done


Dynamic libraries:
0x0000000016ab7000 	/System/Library/Frameworks/CoreFoundation.framework/Versions/A/CoreFoundation
0x000000010c4ae000 	/usr/local/Cellar/python3/3.6.2/Frameworks/Python.framework/Versions/3.6/Python
0x0000000016ab7000 	/usr/lib/libSystem.B.dylib
0x0000000016ab7000 	/usr/lib/libDiagnosticMessagesClient.dylib
0x0000000016ab7000 	/usr/lib/libicucore.A.dylib
0x0000000016ab7000 	/usr/lib/libobjc.A.dylib
0x0000000016ab7000 	/usr/lib/libz.1.dylib
0x0000000016ab7000 	/usr/lib/system/libcache.dylib
0x0000000016ab7000 	/usr/lib/system/libcommonCrypto.dylib
0x0000000016ab7000 	/usr/lib/system/libcompiler_rt.dylib
0x0000000016ab7000 	/usr/lib/system/libcopyfile.dylib
0x0000000016ab7000 	/usr/lib/system/libcorecrypto.dylib
0x0000000016ab7000 	/usr/lib/system/libdispatch.dylib
0x0000000016ab7000 	/usr/lib/system/libdyld.dylib
0x0000000016ab7000 	/usr/lib/system/libkeymgr.dylib
0x0000000016ab7000 	/usr/lib/system/liblaunch.dylib
0x0000000016ab7000 	/usr/lib/system/libmacho.dylib
0x0000000016ab7000 	/usr/lib/system/libquarantine.dylib
0x0000000016ab7000 	/usr/lib/system/libremovefile.dylib
0x0000000016ab7000 	/usr/lib/system/libsystem_asl.dylib
0x0000000016ab7000 	/usr/lib/system/libsystem_blocks.dylib
0x0000000016ab7000 	/usr/lib/system/libsystem_c.dylib
0x0000000016ab7000 	/usr/lib/system/libsystem_configuration.dylib
0x0000000016ab7000 	/usr/lib/system/libsystem_coreservices.dylib
0x0000000016ab7000 	/usr/lib/system/libsystem_darwin.dylib
0x0000000016ab7000 	/usr/lib/system/libsystem_dnssd.dylib
0x0000000016ab7000 	/usr/lib/system/libsystem_info.dylib
0x0000000016ab7000 	/usr/lib/system/libsystem_m.dylib
0x0000000016ab7000 	/usr/lib/system/libsystem_malloc.dylib
0x0000000016ab7000 	/usr/lib/system/libsystem_network.dylib
0x0000000016ab7000 	/usr/lib/system/libsystem_networkextension.dylib
0x0000000016ab7000 	/usr/lib/system/libsystem_notify.dylib
0x0000000016ab7000 	/usr/lib/system/libsystem_sandbox.dylib
0x0000000016ab7000 	/usr/lib/system/libsystem_secinit.dylib
0x0000000016ab7000 	/usr/lib/system/libsystem_kernel.dylib
0x0000000016ab7000 	/usr/lib/system/libsystem_platform.dylib
0x0000000016ab7000 	/usr/lib/system/libsystem_pthread.dylib
0x0000000016ab7000 	/usr/lib/system/libsystem_symptoms.dylib
0x0000000016ab7000 	/usr/lib/system/libsystem_trace.dylib
0x0000000016ab7000 	/usr/lib/system/libunwind.dylib
0x0000000016ab7000 	/usr/lib/system/libxpc.dylib
0x0000000016ab7000 	/usr/lib/closure/libclosured.dylib
0x0000000016ab7000 	/usr/lib/libc++abi.dylib
0x0000000016ab7000 	/usr/lib/libc++.1.dylib
0x000000010c94a000 	/usr/local/Cellar/python3/3.6.2/Frameworks/Python.framework/Versions/3.6/lib/python3.6/lib-dynload/_heapq.cpython-36m-darwin.so
0x000000010ce0f000 	/usr/local/Cellar/python3/3.6.2/Frameworks/Python.framework/Versions/3.6/lib/python3.6/lib-dynload/_struct.cpython-36m-darwin.so
0x000000010cea2000 	/usr/local/Cellar/python3/3.6.2/Frameworks/Python.framework/Versions/3.6/lib/python3.6/lib-dynload/_opcode.cpython-36m-darwin.so
0x000000010cf25000 	/usr/local/Cellar/python3/3.6.2/Frameworks/Python.framework/Versions/3.6/lib/python3.6/lib-dynload/zlib.cpython-36m-darwin.so
0x000000010cf6e000 	/usr/local/Cellar/python3/3.6.2/Frameworks/Python.framework/Versions/3.6/lib/python3.6/lib-dynload/_bz2.cpython-36m-darwin.so
0x0000000016ab7000 	/usr/lib/libbz2.1.0.dylib
0x000000010cf73000 	/usr/local/Cellar/python3/3.6.2/Frameworks/Python.framework/Versions/3.6/lib/python3.6/lib-dynload/_lzma.cpython-36m-darwin.so
0x000000010cf7b000 	/usr/local/opt/xz/lib/liblzma.5.dylib
0x000000010cf9d000 	/usr/local/Cellar/python3/3.6.2/Frameworks/Python.framework/Versions/3.6/lib/python3.6/lib-dynload/grp.cpython-36m-darwin.so
0x000000010cfa1000 	/usr/local/Cellar/python3/3.6.2/Frameworks/Python.framework/Versions/3.6/lib/python3.6/lib-dynload/math.cpython-36m-darwin.so
0x000000010cfac000 	/usr/local/Cellar/python3/3.6.2/Frameworks/Python.framework/Versions/3.6/lib/python3.6/lib-dynload/_hashlib.cpython-36m-darwin.so
0x000000010cfb3000 	/usr/local/opt/openssl/lib/libssl.1.0.0.dylib
0x000000010d012000 	/usr/local/opt/openssl/lib/libcrypto.1.0.0.dylib
0x000000010d1fb000 	/usr/local/Cellar/python3/3.6.2/Frameworks/Python.framework/Versions/3.6/lib/python3.6/lib-dynload/_blake2.cpython-36m-darwin.so
0x000000010d204000 	/usr/local/Cellar/python3/3.6.2/Frameworks/Python.framework/Versions/3.6/lib/python3.6/lib-dynload/_sha3.cpython-36m-darwin.so
0x000000010d218000 	/usr/local/Cellar/python3/3.6.2/Frameworks/Python.framework/Versions/3.6/lib/python3.6/lib-dynload/_bisect.cpython-36m-darwin.so
0x000000010d21b000 	/usr/local/Cellar/python3/3.6.2/Frameworks/Python.framework/Versions/3.6/lib/python3.6/lib-dynload/_random.cpython-36m-darwin.so
0x000000010d29f000 	/usr/local/Cellar/python3/3.6.2/Frameworks/Python.framework/Versions/3.6/lib/python3.6/lib-dynload/_datetime.cpython-36m-darwin.so
0x000000010d313000 	/usr/local/lib/python3.6/site-packages/numpy/core/multiarray.cpython-36m-darwin.so
0x0000000016ab7000 	/System/Library/Frameworks/Accelerate.framework/Versions/A/Accelerate
0x0000000016ab7000 	/System/Library/Frameworks/Accelerate.framework/Versions/A/Frameworks/vImage.framework/Versions/A/vImage
0x0000000016ab7000 	/System/Library/Frameworks/Accelerate.framework/Versions/A/Frameworks/vecLib.framework/Versions/A/vecLib
0x0000000016ab7000 	/System/Library/Frameworks/Accelerate.framework/Versions/A/Frameworks/vecLib.framework/Versions/A/libvDSP.dylib
0x0000000016ab7000 	/System/Library/Frameworks/Accelerate.framework/Versions/A/Frameworks/vecLib.framework/Versions/A/libBNNS.dylib
0x0000000016ab7000 	/System/Library/Frameworks/Accelerate.framework/Versions/A/Frameworks/vecLib.framework/Versions/A/libQuadrature.dylib
0x0000000016ab7000 	/System/Library/Frameworks/Accelerate.framework/Versions/A/Frameworks/vecLib.framework/Versions/A/libvMisc.dylib
0x0000000016ab7000 	/System/Library/Frameworks/Accelerate.framework/Versions/A/Frameworks/vecLib.framework/Versions/A/libLAPACK.dylib
0x0000000016ab7000 	/System/Library/Frameworks/Accelerate.framework/Versions/A/Frameworks/vecLib.framework/Versions/A/libBLAS.dylib
0x0000000016ab7000 	/System/Library/Frameworks/Accelerate.framework/Versions/A/Frameworks/vecLib.framework/Versions/A/libLinearAlgebra.dylib
0x0000000016ab7000 	/System/Library/Frameworks/Accelerate.framework/Versions/A/Frameworks/vecLib.framework/Versions/A/libSparse.dylib
0x0000000016ab7000 	/System/Library/Frameworks/Accelerate.framework/Versions/A/Frameworks/vecLib.framework/Versions/A/libSparseBLAS.dylib
0x000000010d5a5000 	/usr/local/lib/python3.6/site-packages/numpy/core/umath.cpython-36m-darwin.so
0x000000010d7f5000 	/usr/local/Cellar/python3/3.6.2/Frameworks/Python.framework/Versions/3.6/lib/python3.6/lib-dynload/_ctypes.cpython-36m-darwin.so
0x000000010d84f000 	/usr/local/Cellar/python3/3.6.2/Frameworks/Python.framework/Versions/3.6/lib/python3.6/lib-dynload/_pickle.cpython-36m-darwin.so
0x000000010d74c000 	/usr/local/lib/python3.6/site-packages/numpy/linalg/lapack_lite.cpython-36m-darwin.so
0x000000010dab5000 	/usr/local/lib/python3.6/site-packages/numpy/linalg/_umath_linalg.cpython-36m-darwin.so
0x000000010db5b000 	/usr/local/lib/python3.6/site-packages/numpy/fft/fftpack_lite.cpython-36m-darwin.so
0x000000010dba8000 	/usr/local/lib/python3.6/site-packages/numpy/random/mtrand.cpython-36m-darwin.so
0x000000010d751000 	/usr/local/Cellar/python3/3.6.2/Frameworks/Python.framework/Versions/3.6/lib/python3.6/lib-dynload/_posixsubprocess.cpython-36m-darwin.so
0x000000010dd59000 	/usr/local/Cellar/python3/3.6.2/Frameworks/Python.framework/Versions/3.6/lib/python3.6/lib-dynload/select.cpython-36m-darwin.so
0x000000010df61000 	/usr/local/Cellar/python3/3.6.2/Frameworks/Python.framework/Versions/3.6/lib/python3.6/lib-dynload/binascii.cpython-36m-darwin.so
0x000000010dfa8000 	/usr/local/Cellar/python3/3.6.2/Frameworks/Python.framework/Versions/3.6/lib/python3.6/lib-dynload/_socket.cpython-36m-darwin.so
0x000000010e03a000 	/usr/local/Cellar/python3/3.6.2/Frameworks/Python.framework/Versions/3.6/lib/python3.6/lib-dynload/_ssl.cpython-36m-darwin.so
0x000000010e093000 	/usr/local/Cellar/python3/3.6.2/Frameworks/Python.framework/Versions/3.6/lib/python3.6/lib-dynload/_scproxy.cpython-36m-darwin.so
0x0000000016ab7000 	/System/Library/Frameworks/SystemConfiguration.framework/Versions/A/SystemConfiguration
0x0000000016ab7000 	/usr/lib/libnetwork.dylib
0x0000000016ab7000 	/usr/lib/libbsm.0.dylib
0x0000000016ab7000 	/usr/lib/libpcap.A.dylib
0x0000000016ab7000 	/usr/lib/libboringssl.dylib
0x0000000016ab7000 	/usr/lib/libusrtcp.dylib
0x0000000016ab7000 	/usr/lib/libcoretls.dylib
0x0000000016ab7000 	/usr/lib/libcoretls_cfhelpers.dylib
0x0000000016ab7000 	/System/Library/Frameworks/Security.framework/Versions/A/Security
0x0000000016ab7000 	/usr/lib/libapple_nghttp2.dylib
0x0000000016ab7000 	/usr/lib/libapple_crypto.dylib
0x0000000016ab7000 	/System/Library/Frameworks/Foundation.framework/Versions/C/Foundation
0x0000000016ab7000 	/usr/lib/libOpenScriptingUtil.dylib
0x0000000016ab7000 	/usr/lib/libauto.dylib
0x0000000016ab7000 	/usr/lib/libpam.2.dylib
0x0000000016ab7000 	/usr/lib/libsqlite3.dylib
0x0000000016ab7000 	/usr/lib/libxar.1.dylib
0x0000000016ab7000 	/System/Library/Frameworks/IOKit.framework/Versions/A/IOKit
0x0000000016ab7000 	/System/Library/Frameworks/DiskArbitration.framework/Versions/A/DiskArbitration
0x0000000016ab7000 	/usr/lib/libarchive.2.dylib
0x0000000016ab7000 	/usr/lib/libxml2.2.dylib
0x0000000016ab7000 	/System/Library/Frameworks/CFNetwork.framework/Versions/A/CFNetwork
0x0000000016ab7000 	/System/Library/Frameworks/CoreServices.framework/Versions/A/CoreServices
0x0000000016ab7000 	/usr/lib/liblangid.dylib
0x0000000016ab7000 	/usr/lib/libCRFSuite.dylib
0x0000000016ab7000 	/usr/lib/libenergytrace.dylib
0x0000000016ab7000 	/usr/lib/system/libkxld.dylib
0x0000000016ab7000 	/usr/lib/liblzma.5.dylib
0x0000000016ab7000 	/System/Library/Frameworks/CoreServices.framework/Versions/A/Frameworks/FSEvents.framework/Versions/A/FSEvents
0x0000000016ab7000 	/System/Library/Frameworks/CoreServices.framework/Versions/A/Frameworks/CarbonCore.framework/Versions/A/CarbonCore
0x0000000016ab7000 	/System/Library/Frameworks/CoreServices.framework/Versions/A/Frameworks/Metadata.framework/Versions/A/Metadata
0x0000000016ab7000 	/System/Library/Frameworks/CoreServices.framework/Versions/A/Frameworks/OSServices.framework/Versions/A/OSServices
0x0000000016ab7000 	/System/Library/Frameworks/CoreServices.framework/Versions/A/Frameworks/SearchKit.framework/Versions/A/SearchKit
0x0000000016ab7000 	/System/Library/Frameworks/CoreServices.framework/Versions/A/Frameworks/AE.framework/Versions/A/AE
0x0000000016ab7000 	/System/Library/Frameworks/CoreServices.framework/Versions/A/Frameworks/LaunchServices.framework/Versions/A/LaunchServices
0x0000000016ab7000 	/System/Library/Frameworks/CoreServices.framework/Versions/A/Frameworks/DictionaryServices.framework/Versions/A/DictionaryServices
0x0000000016ab7000 	/System/Library/Frameworks/CoreServices.framework/Versions/A/Frameworks/SharedFileList.framework/Versions/A/SharedFileList
0x0000000016ab7000 	/System/Library/Frameworks/NetFS.framework/Versions/A/NetFS
0x0000000016ab7000 	/System/Library/PrivateFrameworks/NetAuth.framework/Versions/A/NetAuth
0x0000000016ab7000 	/System/Library/PrivateFrameworks/login.framework/Versions/A/Frameworks/loginsupport.framework/Versions/A/loginsupport
0x0000000016ab7000 	/System/Library/PrivateFrameworks/TCC.framework/Versions/A/TCC
0x0000000016ab7000 	/usr/lib/libmecabra.dylib
0x0000000016ab7000 	/System/Library/Frameworks/ApplicationServices.framework/Versions/A/ApplicationServices
0x0000000016ab7000 	/System/Library/Frameworks/CoreGraphics.framework/Versions/A/CoreGraphics
0x0000000016ab7000 	/System/Library/Frameworks/CoreText.framework/Versions/A/CoreText
0x0000000016ab7000 	/System/Library/Frameworks/ImageIO.framework/Versions/A/ImageIO
0x0000000016ab7000 	/System/Library/Frameworks/ColorSync.framework/Versions/A/ColorSync
0x0000000016ab7000 	/System/Library/Frameworks/ApplicationServices.framework/Versions/A/Frameworks/ATS.framework/Versions/A/ATS
0x0000000016ab7000 	/System/Library/Frameworks/ApplicationServices.framework/Versions/A/Frameworks/ColorSyncLegacy.framework/Versions/A/ColorSyncLegacy
0x0000000016ab7000 	/System/Library/Frameworks/ApplicationServices.framework/Versions/A/Frameworks/HIServices.framework/Versions/A/HIServices
0x0000000016ab7000 	/System/Library/Frameworks/ApplicationServices.framework/Versions/A/Frameworks/LangAnalysis.framework/Versions/A/LangAnalysis
0x0000000016ab7000 	/System/Library/Frameworks/ApplicationServices.framework/Versions/A/Frameworks/PrintCore.framework/Versions/A/PrintCore
0x0000000016ab7000 	/System/Library/Frameworks/ApplicationServices.framework/Versions/A/Frameworks/QD.framework/Versions/A/QD
0x0000000016ab7000 	/System/Library/Frameworks/ApplicationServices.framework/Versions/A/Frameworks/SpeechSynthesis.framework/Versions/A/SpeechSynthesis
0x0000000016ab7000 	/System/Library/PrivateFrameworks/SkyLight.framework/Versions/A/SkyLight
0x0000000016ab7000 	/System/Library/Frameworks/CoreDisplay.framework/Versions/A/CoreDisplay
0x0000000016ab7000 	/System/Library/Frameworks/IOSurface.framework/Versions/A/IOSurface
0x0000000016ab7000 	/System/Library/Frameworks/Metal.framework/Versions/A/Metal
0x0000000016ab7000 	/System/Library/PrivateFrameworks/MultitouchSupport.framework/Versions/A/MultitouchSupport
0x0000000016ab7000 	/System/Library/Frameworks/QuartzCore.framework/Versions/A/QuartzCore
0x0000000016ab7000 	/System/Library/PrivateFrameworks/GPUWrangler.framework/Versions/A/GPUWrangler
0x0000000016ab7000 	/System/Library/PrivateFrameworks/IOAccelerator.framework/Versions/A/IOAccelerator
0x0000000016ab7000 	/System/Library/PrivateFrameworks/IOPresentment.framework/Versions/A/IOPresentment
0x0000000016ab7000 	/System/Library/PrivateFrameworks/DSExternalDisplay.framework/Versions/A/DSExternalDisplay
0x0000000016ab7000 	/System/Library/Frameworks/OpenGL.framework/Versions/A/Libraries/libCoreFSCache.dylib
0x0000000016ab7000 	/System/Library/Frameworks/CoreImage.framework/Versions/A/CoreImage
0x0000000016ab7000 	/System/Library/Frameworks/CoreVideo.framework/Versions/A/CoreVideo
0x0000000016ab7000 	/System/Library/Frameworks/OpenGL.framework/Versions/A/OpenGL
0x0000000016ab7000 	/System/Library/PrivateFrameworks/GraphVisualizer.framework/Versions/A/GraphVisualizer
0x0000000016ab7000 	/System/Library/Frameworks/MetalPerformanceShaders.framework/Versions/A/MetalPerformanceShaders
0x0000000016ab7000 	/usr/lib/libFosl_dynamic.dylib
0x0000000016ab7000 	/System/Library/PrivateFrameworks/FaceCore.framework/Versions/A/FaceCore
0x0000000016ab7000 	/System/Library/Frameworks/OpenCL.framework/Versions/A/OpenCL
0x0000000016ab7000 	/usr/lib/libcompression.dylib
0x0000000016ab7000 	/System/Library/Frameworks/ApplicationServices.framework/Versions/A/Frameworks/ATS.framework/Versions/A/Resources/libFontParser.dylib
0x0000000016ab7000 	/System/Library/Frameworks/ApplicationServices.framework/Versions/A/Frameworks/ATS.framework/Versions/A/Resources/libFontRegistry.dylib
0x0000000016ab7000 	/System/Library/Frameworks/ImageIO.framework/Versions/A/Resources/libJPEG.dylib
0x0000000016ab7000 	/System/Library/Frameworks/ImageIO.framework/Versions/A/Resources/libTIFF.dylib
0x0000000016ab7000 	/System/Library/Frameworks/ImageIO.framework/Versions/A/Resources/libPng.dylib
0x0000000016ab7000 	/System/Library/Frameworks/ImageIO.framework/Versions/A/Resources/libGIF.dylib
0x0000000016ab7000 	/System/Library/Frameworks/ImageIO.framework/Versions/A/Resources/libJP2.dylib
0x0000000016ab7000 	/System/Library/Frameworks/ImageIO.framework/Versions/A/Resources/libRadiance.dylib
0x0000000016ab7000 	/System/Library/PrivateFrameworks/AppleJPEG.framework/Versions/A/AppleJPEG
0x0000000016ab7000 	/System/Library/Frameworks/MetalPerformanceShaders.framework/Frameworks/MPSCore.framework/Versions/A/MPSCore
0x0000000016ab7000 	/System/Library/Frameworks/MetalPerformanceShaders.framework/Frameworks/MPSImage.framework/Versions/A/MPSImage
0x0000000016ab7000 	/System/Library/Frameworks/MetalPerformanceShaders.framework/Frameworks/MPSNeuralNetwork.framework/Versions/A/MPSNeuralNetwork
0x0000000016ab7000 	/System/Library/Frameworks/MetalPerformanceShaders.framework/Frameworks/MPSMatrix.framework/Versions/A/MPSMatrix
0x0000000016ab7000 	/System/Library/PrivateFrameworks/MetalTools.framework/Versions/A/MetalTools
0x0000000016ab7000 	/System/Library/Frameworks/OpenGL.framework/Versions/A/Libraries/libGLU.dylib
0x0000000016ab7000 	/System/Library/Frameworks/OpenGL.framework/Versions/A/Libraries/libGFXShared.dylib
0x0000000016ab7000 	/System/Library/Frameworks/OpenGL.framework/Versions/A/Libraries/libGL.dylib
0x0000000016ab7000 	/System/Library/Frameworks/OpenGL.framework/Versions/A/Libraries/libGLImage.dylib
0x0000000016ab7000 	/System/Library/Frameworks/OpenGL.framework/Versions/A/Libraries/libCVMSPluginSupport.dylib
0x0000000016ab7000 	/System/Library/Frameworks/OpenGL.framework/Versions/A/Libraries/libCoreVMClient.dylib
0x0000000016ab7000 	/usr/lib/libcups.2.dylib
0x0000000016ab7000 	/System/Library/Frameworks/Kerberos.framework/Versions/A/Kerberos
0x0000000016ab7000 	/System/Library/Frameworks/GSS.framework/Versions/A/GSS
0x0000000016ab7000 	/usr/lib/libresolv.9.dylib
0x0000000016ab7000 	/usr/lib/libiconv.2.dylib
0x0000000016ab7000 	/System/Library/PrivateFrameworks/Heimdal.framework/Versions/A/Heimdal
0x0000000016ab7000 	/usr/lib/libheimdal-asn1.dylib
0x0000000016ab7000 	/System/Library/Frameworks/OpenDirectory.framework/Versions/A/OpenDirectory
0x0000000016ab7000 	/System/Library/PrivateFrameworks/CommonAuth.framework/Versions/A/CommonAuth
0x0000000016ab7000 	/System/Library/Frameworks/OpenDirectory.framework/Versions/A/Frameworks/CFOpenDirectory.framework/Versions/A/CFOpenDirectory
0x0000000016ab7000 	/System/Library/Frameworks/SecurityFoundation.framework/Versions/A/SecurityFoundation
0x0000000016ab7000 	/System/Library/PrivateFrameworks/APFS.framework/Versions/A/APFS
0x0000000016ab7000 	/usr/lib/libutil.dylib
0x0000000016ab7000 	/System/Library/Frameworks/CoreAudio.framework/Versions/A/CoreAudio
0x0000000016ab7000 	/System/Library/Frameworks/AudioToolbox.framework/Versions/A/AudioToolbox
0x0000000016ab7000 	/System/Library/PrivateFrameworks/AppleSauce.framework/Versions/A/AppleSauce
0x0000000016ab7000 	/System/Library/PrivateFrameworks/LinguisticData.framework/Versions/A/LinguisticData
0x0000000016ab7000 	/usr/lib/libmarisa.dylib
0x0000000016ab7000 	/System/Library/PrivateFrameworks/Lexicon.framework/Versions/A/Lexicon
0x0000000016ab7000 	/usr/lib/libChineseTokenizer.dylib
0x0000000016ab7000 	/usr/lib/libcmph.dylib
0x0000000016ab7000 	/System/Library/PrivateFrameworks/LanguageModeling.framework/Versions/A/LanguageModeling
0x0000000016ab7000 	/System/Library/Frameworks/CoreData.framework/Versions/A/CoreData
0x0000000016ab7000 	/System/Library/PrivateFrameworks/CoreEmoji.framework/Versions/A/CoreEmoji
0x0000000016ab7000 	/System/Library/Frameworks/ServiceManagement.framework/Versions/A/ServiceManagement
0x0000000016ab7000 	/System/Library/PrivateFrameworks/BackgroundTaskManagement.framework/Versions/A/BackgroundTaskManagement
0x0000000016ab7000 	/usr/lib/libxslt.1.dylib
0x000000010e0a7000 	/usr/local/Cellar/python3/3.6.2/Frameworks/Python.framework/Versions/3.6/lib/python3.6/lib-dynload/_json.cpython-36m-darwin.so
0x000000010e0f0000 	/usr/local/Cellar/python3/3.6.2/Frameworks/Python.framework/Versions/3.6/lib/python3.6/lib-dynload/_decimal.cpython-36m-darwin.so
0x000000010e12c000 	/usr/local/Cellar/python3/3.6.2/Frameworks/Python.framework/Versions/3.6/lib/python3.6/lib-dynload/pyexpat.cpython-36m-darwin.so
0x000000010e157000 	/usr/local/Cellar/python3/3.6.2/Frameworks/Python.framework/Versions/3.6/lib/python3.6/lib-dynload/fcntl.cpython-36m-darwin.so
0x000000010e570000 	/Applications/PyCharm.app/Contents/helpers/pydev/_pydevd_bundle/pydevd_cython_darwin_36_64.cpython-36m-darwin.so
0x000000010e19c000 	/usr/local/Cellar/python3/3.6.2/Frameworks/Python.framework/Versions/3.6/lib/python3.6/lib-dynload/termios.cpython-36m-darwin.so
0x000000010e1a1000 	/usr/local/Cellar/python3/3.6.2/Frameworks/Python.framework/Versions/3.6/lib/python3.6/lib-dynload/resource.cpython-36m-darwin.so
0x000000010e1a5000 	/usr/local/Cellar/python3/3.6.2/Frameworks/Python.framework/Versions/3.6/lib/python3.6/lib-dynload/_sqlite3.cpython-36m-darwin.so
0x000000010eaa6000 	/usr/local/opt/sqlite/lib/libsqlite3.0.dylib
0x000000010e1b7000 	/usr/local/Cellar/python3/3.6.2/Frameworks/Python.framework/Versions/3.6/lib/python3.6/lib-dynload/array.cpython-36m-darwin.so
0x000000010ee5b000 	/usr/local/Cellar/python3/3.6.2/Frameworks/Python.framework/Versions/3.6/lib/python3.6/lib-dynload/unicodedata.cpython-36m-darwin.so
0x000000010e1c3000 	/usr/local/Cellar/python3/3.6.2/Frameworks/Python.framework/Versions/3.6/lib/python3.6/lib-dynload/_lsprof.cpython-36m-darwin.so
0x000000010e217000 	/Applications/PyCharm.app/Contents/helpers/pydev/_pydevd_frame_eval/pydevd_frame_evaluator_darwin_36_64.cpython-36m-darwin.so
0x000000010e1c8000 	/usr/local/Cellar/python3/3.6.2/Frameworks/Python.framework/Versions/3.6/lib/python3.6/lib-dynload/_multiprocessing.cpython-36m-darwin.so
0x000000010f2d5000 	/usr/local/Cellar/python3/3.6.2/Frameworks/Python.framework/Versions/3.6/lib/python3.6/lib-dynload/_asyncio.cpython-36m-darwin.so
0x000000010f555000 	/usr/local/lib/python3.6/site-packages/_jpype.cpython-36m-darwin.so
0x000000010f5fb000 	/Library/Java/JavaVirtualMachines/jdk1.8.0_144.jdk/Contents/Home/jre/lib/server/libjvm.dylib
0x0000000016ab7000 	/usr/lib/libstdc++.6.0.9.dylib
0x000000010f2e1000 	/Library/Java/JavaVirtualMachines/jdk1.8.0_144.jdk/Contents/Home/jre/lib/libverify.dylib
0x000000010f4d5000 	/Library/Java/JavaVirtualMachines/jdk1.8.0_144.jdk/Contents/Home/jre/lib/libjava.dylib
0x000000010f2ef000 	/Library/Java/JavaVirtualMachines/jdk1.8.0_144.jdk/Contents/Home/jre/lib/libzip.dylib
0x0000000016ab7000 	/System/Library/Frameworks/JavaVM.framework/Versions/A/Frameworks/JavaRuntimeSupport.framework/Versions/A/JavaRuntimeSupport
0x0000000016ab7000 	/System/Library/Frameworks/JavaVM.framework/Versions/A/Frameworks/JavaNativeFoundation.framework/Versions/A/JavaNativeFoundation
0x0000000016ab7000 	/System/Library/Frameworks/JavaVM.framework/Versions/A/JavaVM
0x0000000016ab7000 	/System/Library/PrivateFrameworks/CoreUI.framework/Versions/A/CoreUI
0x0000000016ab7000 	/System/Library/Frameworks/Cocoa.framework/Versions/A/Cocoa
0x0000000016ab7000 	/System/Library/Frameworks/Carbon.framework/Versions/A/Carbon
0x0000000016ab7000 	/System/Library/PrivateFrameworks/CoreSymbolication.framework/Versions/A/CoreSymbolication
0x0000000016ab7000 	/System/Library/Frameworks/AppKit.framework/Versions/C/AppKit
0x0000000016ab7000 	/System/Library/PrivateFrameworks/RemoteViewServices.framework/Versions/A/RemoteViewServices
0x0000000016ab7000 	/System/Library/PrivateFrameworks/UIFoundation.framework/Versions/A/UIFoundation
0x0000000016ab7000 	/System/Library/PrivateFrameworks/DFRFoundation.framework/Versions/A/DFRFoundation
0x0000000016ab7000 	/System/Library/PrivateFrameworks/DesktopServicesPriv.framework/Versions/A/DesktopServicesPriv
0x0000000016ab7000 	/usr/lib/libScreenReader.dylib
0x0000000016ab7000 	/System/Library/Frameworks/AudioUnit.framework/Versions/A/AudioUnit
0x0000000016ab7000 	/System/Library/PrivateFrameworks/DataDetectorsCore.framework/Versions/A/DataDetectorsCore
0x0000000016ab7000 	/System/Library/Frameworks/Carbon.framework/Versions/A/Frameworks/HIToolbox.framework/Versions/A/HIToolbox
0x0000000016ab7000 	/System/Library/PrivateFrameworks/SignpostNotification.framework/Versions/A/SignpostNotification
0x0000000016ab7000 	/System/Library/Frameworks/Carbon.framework/Versions/A/Frameworks/SpeechRecognition.framework/Versions/A/SpeechRecognition
0x0000000016ab7000 	/System/Library/PrivateFrameworks/PerformanceAnalysis.framework/Versions/A/PerformanceAnalysis
0x0000000016ab7000 	/System/Library/PrivateFrameworks/Backup.framework/Versions/A/Backup
0x0000000016ab7000 	/System/Library/Frameworks/Carbon.framework/Versions/A/Frameworks/Ink.framework/Versions/A/Ink
0x0000000016ab7000 	/System/Library/PrivateFrameworks/TextureIO.framework/Versions/A/TextureIO
0x0000000016ab7000 	/usr/lib/libate.dylib
0x0000000016ab7000 	/System/Library/PrivateFrameworks/CrashReporterSupport.framework/Versions/A/CrashReporterSupport
0x0000000016ab7000 	/System/Library/PrivateFrameworks/Sharing.framework/Versions/A/Sharing
0x0000000016ab7000 	/System/Library/PrivateFrameworks/IconServices.framework/Versions/A/IconServices
0x0000000016ab7000 	/System/Library/PrivateFrameworks/Apple80211.framework/Versions/A/Apple80211
0x0000000016ab7000 	/System/Library/PrivateFrameworks/CoreUtils.framework/Versions/A/CoreUtils
0x0000000016ab7000 	/System/Library/Frameworks/CoreWLAN.framework/Versions/A/CoreWLAN
0x0000000016ab7000 	/System/Library/Frameworks/IOBluetooth.framework/Versions/A/IOBluetooth
0x0000000016ab7000 	/System/Library/PrivateFrameworks/ProtocolBuffer.framework/Versions/A/ProtocolBuffer
0x0000000016ab7000 	/System/Library/PrivateFrameworks/CoreWiFi.framework/Versions/A/CoreWiFi
0x0000000016ab7000 	/System/Library/Frameworks/CoreBluetooth.framework/Versions/A/CoreBluetooth
0x0000000016ab7000 	/System/Library/PrivateFrameworks/DebugSymbols.framework/Versions/A/DebugSymbols
0x0000000016ab7000 	/System/Library/PrivateFrameworks/Symbolication.framework/Versions/A/Symbolication
0x0000000016ab7000 	/System/Library/PrivateFrameworks/AppleFSCompression.framework/Versions/A/AppleFSCompression
0x0000000016ab7000 	/System/Library/PrivateFrameworks/SpeechRecognitionCore.framework/Versions/A/SpeechRecognitionCore
0x0000000016ab7000 	/System/Library/PrivateFrameworks/JavaLaunching.framework/Versions/A/JavaLaunching
0x0000000016ab7000 	/System/Library/Frameworks/Carbon.framework/Versions/A/Frameworks/CommonPanels.framework/Versions/A/CommonPanels
0x0000000016ab7000 	/System/Library/Frameworks/Carbon.framework/Versions/A/Frameworks/Help.framework/Versions/A/Help
0x0000000016ab7000 	/System/Library/Frameworks/Carbon.framework/Versions/A/Frameworks/ImageCapture.framework/Versions/A/ImageCapture
0x0000000016ab7000 	/System/Library/Frameworks/Carbon.framework/Versions/A/Frameworks/OpenScripting.framework/Versions/A/OpenScripting
0x0000000016ab7000 	/System/Library/Frameworks/Carbon.framework/Versions/A/Frameworks/Print.framework/Versions/A/Print
0x0000000016ab7000 	/System/Library/Frameworks/Carbon.framework/Versions/A/Frameworks/SecurityHI.framework/Versions/A/SecurityHI

VM Arguments:
jvm_args: -ea 
java_command: <unknown>
java_class_path (initial): /Users/jiadao/PycharmProjects/untitled/NLP/Proj_MovieReview/stanford_parser_python_r22186/3rdParty/stanford-parser/stanford-parser.jar
Launcher Type: generic

Environment Variables:
PATH=/Library/Frameworks/Python.framework/Versions/3.6/bin:/usr/local/bin:/usr/bin:/bin:/usr/sbin:/sbin:/Library/TeX/texbin:/opt/X11/bin:/Users/jiadao/Java/apache-maven-3.5.0/bin
SHELL=/bin/bash
DISPLAY=/private/tmp/com.apple.launchd.Il2mdpVvQt/org.macosforge.xquartz:0

Signal Handlers:
SIGSEGV: [libjvm.dylib+0x5b26e5], sa_mask[0]=11111111011111110111111111111111, sa_flags=SA_ONSTACK|SA_RESTART|SA_SIGINFO
SIGBUS: [libjvm.dylib+0x5b26e5], sa_mask[0]=11111111011111110111111111111111, sa_flags=SA_RESTART|SA_SIGINFO
SIGFPE: [libjvm.dylib+0x489100], sa_mask[0]=11111111011111110111111111111111, sa_flags=SA_RESTART|SA_SIGINFO
SIGPIPE: [libjvm.dylib+0x489100], sa_mask[0]=11111111011111110111111111111111, sa_flags=SA_RESTART|SA_SIGINFO
SIGXFSZ: [libjvm.dylib+0x489100], sa_mask[0]=11111111011111110111111111111111, sa_flags=SA_RESTART|SA_SIGINFO
SIGILL: [libjvm.dylib+0x489100], sa_mask[0]=11111111011111110111111111111111, sa_flags=SA_RESTART|SA_SIGINFO
SIGUSR1: SIG_DFL, sa_mask[0]=00000000000000000000000000000000, sa_flags=none
SIGUSR2: [libjvm.dylib+0x488c1e], sa_mask[0]=00100000000000000000000000000000, sa_flags=SA_RESTART|SA_SIGINFO
SIGHUP: [libjvm.dylib+0x4871f5], sa_mask[0]=11111111011111110111111111111111, sa_flags=SA_RESTART|SA_SIGINFO
SIGINT: [libjvm.dylib+0x4871f5], sa_mask[0]=11111111011111110111111111111111, sa_flags=SA_RESTART|SA_SIGINFO
SIGTERM: [libjvm.dylib+0x4871f5], sa_mask[0]=11111111011111110111111111111111, sa_flags=SA_RESTART|SA_SIGINFO
SIGQUIT: [libjvm.dylib+0x4871f5], sa_mask[0]=11111111011111110111111111111111, sa_flags=SA_RESTART|SA_SIGINFO


---------------  S Y S T E M  ---------------

OS:Bsduname:Darwin 17.5.0 Darwin Kernel Version 17.5.0: Mon Mar  5 22:24:32 PST 2018; root:xnu-4570.51.1~1/RELEASE_X86_64 x86_64
rlimit: STACK 8192k, CORE 0k, NPROC 1418, NOFILE 10240, AS infinity
load average:6.22 6.40 6.23

CPU:total 8 (initial active 8) (4 cores per cpu, 2 threads per core) family 6 model 158 stepping 9, cmov, cx8, fxsr, mmx, sse, sse2, sse3, ssse3, sse4.1, sse4.2, popcnt, avx, avx2, aes, clmul, erms, 3dnowpref, lzcnt, ht, tsc, tscinvbit, bmi1, bmi2, adx

Memory: 4k page, physical 16777216k(541260k free)

/proc/meminfo:


vm_info: Java HotSpot(TM) 64-Bit Server VM (25.144-b01) for bsd-amd64 JRE (1.8.0_144-b01), built on Jul 21 2017 22:07:42 by "java_re" with gcc 4.2.1 (Based on Apple Inc. build 5658) (LLVM build 2336.11.00)

time: Mon Apr 23 12:24:41 2018
elapsed time: 12 seconds (0d 0h 0m 12s)

